<?xml version="1.0" encoding="UTF-8"?>
<testng-results ignored="0" total="1" passed="1" failed="0" skipped="0">
  <reporter-output>
  </reporter-output>
  <suite started-at="2022-05-27T15:52:22 IST" name="Suite" finished-at="2022-05-27T15:54:28 IST" duration-ms="126390">
    <groups>
    </groups>
    <test started-at="2022-05-27T15:52:22 IST" name="Test" finished-at="2022-05-27T15:54:28 IST" duration-ms="126390">
      <class name="com.wrapper.TicketBook">
        <test-method signature="test()[pri:0, instance:com.wrapper.TicketBook@6283d8b8]" started-at="2022-05-27T15:52:22 IST" name="test" finished-at="2022-05-27T15:54:28 IST" duration-ms="126116" status="PASS">
          <reporter-output>
          </reporter-output>
        </test-method> <!-- test -->
      </class> <!-- com.wrapper.TicketBook -->
    </test> <!-- Test -->
  </suite> <!-- Suite -->
</testng-results>
